Removed Pin From Net: NetName=+5V Pin=S?-1
Change component parameters: Designator = "AD_H"; Footprint = "Header 8x1 8.5mm"; UniqueID = "\RKVNAQTG"
Change component parameters. Clean all parameters for all variants
Change component parameters (AddParameter): Name = "Supplier 1"; Value = "Arrow"; VariantName = "[No Variations]"
Change component parameters (AddParameter): Name = "Supplier 2"; Value = "Arrow"; VariantName = "[No Variations]"
Change component parameters (AddParameter): Name = "Supplier 3"; Value = "Digi-Key"; VariantName = "[No Variations]"
Change component parameters (AddParameter): Name = "Supplier 4"; Value = "Arrow"; VariantName = "[No Variations]"
Change component parameters (AddParameter): Name = "Supplier Part Number 1"; Value = "2698940"; VariantName = "[No Variations]"
Change component parameters (AddParameter): Name = "Supplier Part Number 2"; Value = "2698939"; VariantName = "[No Variations]"
Change component parameters (AddParameter): Name = "Supplier Part Number 3"; Value = "SAM1198-08-ND"; VariantName = "[No Variations]"
Change component parameters (AddParameter): Name = "Supplier Part Number 4"; Value = "2698925"; VariantName = "[No Variations]"
Change component parameters: Designator = "COMMS"; Footprint = "Header 8x1 8.5mm"; UniqueID = "\XMKCJYOH"
Change component parameters. Clean all parameters for all variants
Change component parameters (AddParameter): Name = "Supplier 1"; Value = "Digi-Key"; VariantName = "[No Variations]"
Change component parameters (AddParameter): Name = "Supplier 2"; Value = "Arrow"; VariantName = "[No Variations]"
Change component parameters (AddParameter): Name = "Supplier 3"; Value = "Arrow"; VariantName = "[No Variations]"
Change component parameters (AddParameter): Name = "Supplier 4"; Value = "Arrow"; VariantName = "[No Variations]"
Change component parameters (AddParameter): Name = "Supplier Part Number 1"; Value = "SAM1198-08-ND"; VariantName = "[No Variations]"
Change component parameters (AddParameter): Name = "Supplier Part Number 2"; Value = "2698940"; VariantName = "[No Variations]"
Change component parameters (AddParameter): Name = "Supplier Part Number 3"; Value = "2698939"; VariantName = "[No Variations]"
Change component parameters (AddParameter): Name = "Supplier Part Number 4"; Value = "2698925"; VariantName = "[No Variations]"
Change component parameters: Designator = "PWM_H"; Footprint = "Header 8x1 8.5mm"; UniqueID = "\MRWKNSUB"
Change component parameters. Clean all parameters for all variants
Change component parameters (AddParameter): Name = "Supplier 1"; Value = "Digi-Key"; VariantName = "[No Variations]"
Change component parameters (AddParameter): Name = "Supplier 2"; Value = "Arrow"; VariantName = "[No Variations]"
Change component parameters (AddParameter): Name = "Supplier 3"; Value = "Arrow"; VariantName = "[No Variations]"
Change component parameters (AddParameter): Name = "Supplier 4"; Value = "Arrow"; VariantName = "[No Variations]"
Change component parameters (AddParameter): Name = "Supplier Part Number 1"; Value = "SAM1198-08-ND"; VariantName = "[No Variations]"
Change component parameters (AddParameter): Name = "Supplier Part Number 2"; Value = "2698940"; VariantName = "[No Variations]"
Change component parameters (AddParameter): Name = "Supplier Part Number 3"; Value = "2698939"; VariantName = "[No Variations]"
Change component parameters (AddParameter): Name = "Supplier Part Number 4"; Value = "2698925"; VariantName = "[No Variations]"
Change component parameters: Designator = "PWM_L"; Footprint = "Header 8x1 8.5mm"; UniqueID = "\VHKJWQGQ"
Change component parameters. Clean all parameters for all variants
Change component parameters (AddParameter): Name = "Supplier 1"; Value = "Arrow"; VariantName = "[No Variations]"
Change component parameters (AddParameter): Name = "Supplier 2"; Value = "Arrow"; VariantName = "[No Variations]"
Change component parameters (AddParameter): Name = "Supplier 3"; Value = "Digi-Key"; VariantName = "[No Variations]"
Change component parameters (AddParameter): Name = "Supplier 4"; Value = "Arrow"; VariantName = "[No Variations]"
Change component parameters (AddParameter): Name = "Supplier Part Number 1"; Value = "2698940"; VariantName = "[No Variations]"
Change component parameters (AddParameter): Name = "Supplier Part Number 2"; Value = "2698939"; VariantName = "[No Variations]"
Change component parameters (AddParameter): Name = "Supplier Part Number 3"; Value = "SAM1198-08-ND"; VariantName = "[No Variations]"
Change component parameters (AddParameter): Name = "Supplier Part Number 4"; Value = "2698925"; VariantName = "[No Variations]"
Change component parameters: Designator = "AD_L"; Footprint = "Header 8x1 8.5mm"; UniqueID = "\QAMLLNUQ"
Change component parameters. Clean all parameters for all variants
Change component parameters (AddParameter): Name = "Supplier 1"; Value = "Digi-Key"; VariantName = "[No Variations]"
Change component parameters (AddParameter): Name = "Supplier 2"; Value = "Arrow"; VariantName = "[No Variations]"
Change component parameters (AddParameter): Name = "Supplier 3"; Value = "Arrow"; VariantName = "[No Variations]"
Change component parameters (AddParameter): Name = "Supplier 4"; Value = "Arrow"; VariantName = "[No Variations]"
Change component parameters (AddParameter): Name = "Supplier 5"; Value = "Arrow"; VariantName = "[No Variations]"
Change component parameters (AddParameter): Name = "Supplier Part Number 1"; Value = "SAM1198-08-ND"; VariantName = "[No Variations]"
Change component parameters (AddParameter): Name = "Supplier Part Number 2"; Value = "2698939"; VariantName = "[No Variations]"
Change component parameters (AddParameter): Name = "Supplier Part Number 3"; Value = "2698940"; VariantName = "[No Variations]"
Change component parameters (AddParameter): Name = "Supplier Part Number 4"; Value = "43085273"; VariantName = "[No Variations]"
Change component parameters (AddParameter): Name = "Supplier Part Number 5"; Value = "2698925"; VariantName = "[No Variations]"
Change component parameters: Designator = "DIGITAL"; Footprint = "HEADER 36X 8MM"; UniqueID = "\ORCHQECE"
Change component parameters. Clean all parameters for all variants
Change component parameters (AddParameter): Name = "Supplier 1"; Value = "Digi-Key"; VariantName = "[No Variations]"
Change component parameters (AddParameter): Name = "Supplier 2"; Value = "Arrow"; VariantName = "[No Variations]"
Change component parameters (AddParameter): Name = "Supplier 3"; Value = "Arrow"; VariantName = "[No Variations]"
Change component parameters (AddParameter): Name = "Supplier 4"; Value = "Arrow"; VariantName = "[No Variations]"
Change component parameters (AddParameter): Name = "Supplier 5"; Value = "Arrow"; VariantName = "[No Variations]"
Change component parameters (AddParameter): Name = "Supplier Part Number 1"; Value = "SAM1196-18-ND"; VariantName = "[No Variations]"
Change component parameters (AddParameter): Name = "Supplier Part Number 2"; Value = "48117090"; VariantName = "[No Variations]"
Change component parameters (AddParameter): Name = "Supplier Part Number 3"; Value = "46093326"; VariantName = "[No Variations]"
Change component parameters (AddParameter): Name = "Supplier Part Number 4"; Value = "2698278"; VariantName = "[No Variations]"
Change component parameters (AddParameter): Name = "Supplier Part Number 5"; Value = "2698268"; VariantName = "[No Variations]"
Change component parameters: Designator = "ICSP"; Footprint = "ICSP"; UniqueID = "\IKBVLHKQ"
Change component parameters. Clean all parameters for all variants
Change component parameters (AddParameter): Name = "Supplier 1"; Value = "Digi-Key"; VariantName = "[No Variations]"
Change component parameters (AddParameter): Name = "Supplier 2"; Value = "Arrow"; VariantName = "[No Variations]"
Change component parameters (AddParameter): Name = "Supplier 3"; Value = "Arrow"; VariantName = "[No Variations]"
Change component parameters (AddParameter): Name = "Supplier 4"; Value = "Arrow"; VariantName = "[No Variations]"
Change component parameters (AddParameter): Name = "Supplier 5"; Value = "Digi-Key"; VariantName = "[No Variations]"
Change component parameters (AddParameter): Name = "Supplier Part Number 1"; Value = "SAM1185-06-ND"; VariantName = "[No Variations]"
Change component parameters (AddParameter): Name = "Supplier Part Number 2"; Value = "2699117"; VariantName = "[No Variations]"
Change component parameters (AddParameter): Name = "Supplier Part Number 3"; Value = "43862781"; VariantName = "[No Variations]"
Change component parameters (AddParameter): Name = "Supplier Part Number 4"; Value = "2699091"; VariantName = "[No Variations]"
Change component parameters (AddParameter): Name = "Supplier Part Number 5"; Value = "SAM1196-06-ND"; VariantName = "[No Variations]"
Change component parameters: Designator = "POWER"; Footprint = "Header 6x1 8.5mm"; UniqueID = "\KHKIYLRW"
Change component parameters. Clean all parameters for all variants
Change component parameters (AddParameter): Name = "Supplier 1"; Value = "Arrow"; VariantName = "[No Variations]"
Change component parameters (AddParameter): Name = "Supplier 2"; Value = "Arrow"; VariantName = "[No Variations]"
Change component parameters (AddParameter): Name = "Supplier 3"; Value = "Digi-Key"; VariantName = "[No Variations]"
Change component parameters (AddParameter): Name = "Supplier 4"; Value = "Arrow"; VariantName = "[No Variations]"
Change component parameters (AddParameter): Name = "Supplier 5"; Value = "Arrow"; VariantName = "[No Variations]"
Change component parameters (AddParameter): Name = "Supplier Part Number 1"; Value = "52553843"; VariantName = "[No Variations]"
Change component parameters (AddParameter): Name = "Supplier Part Number 2"; Value = "2699075"; VariantName = "[No Variations]"
Change component parameters (AddParameter): Name = "Supplier Part Number 3"; Value = "SAM1198-06-ND"; VariantName = "[No Variations]"
Change component parameters (AddParameter): Name = "Supplier Part Number 4"; Value = "2699089"; VariantName = "[No Variations]"
Change component parameters (AddParameter): Name = "Supplier Part Number 5"; Value = "2699088"; VariantName = "[No Variations]"
Added Component: Designator=J?(PHOENIX_1935161)
Add component. Clean all parameters for all variants
Add component (AddParameter): Name = "Digi-Key_Part_Number"; Value = "277-1667-ND"; VariantName = "[No Variations]"
Add component (AddParameter): Name = "Digi-Key_Purchase_URL"; Value = "https://www.digikey.com/product-detail/en/phoenix-contact/1935161/277-1667-ND/568614?utm_source=snapeda&utm_medium=aggregator&utm_campaign=symbol"; VariantName = "[No Variations]"
Add component (AddParameter): Name = "MF"; Value = "Phoenix Contact"; VariantName = "[No Variations]"
Add component (AddParameter): Name = "MP"; Value = "1935161"; VariantName = "[No Variations]"
Add component (AddParameter): Name = "Package"; Value = "None"; VariantName = "[No Variations]"
Add component (AddParameter): Name = "SnapEDA_Link"; Value = "https://www.snapeda.com/parts/1935161/Phoenix%20Contact/view-part/?ref=snap"; VariantName = "[No Variations]"
Add component (AddParameter): Name = "Value"; Value = ""; VariantName = "[No Variations]"
Added Component: Designator=J?(PHOENIX_1935161)
Add component. Clean all parameters for all variants
Add component (AddParameter): Name = "Digi-Key_Part_Number"; Value = "277-1667-ND"; VariantName = "[No Variations]"
Add component (AddParameter): Name = "Digi-Key_Purchase_URL"; Value = "https://www.digikey.com/product-detail/en/phoenix-contact/1935161/277-1667-ND/568614?utm_source=snapeda&utm_medium=aggregator&utm_campaign=symbol"; VariantName = "[No Variations]"
Add component (AddParameter): Name = "MF"; Value = "Phoenix Contact"; VariantName = "[No Variations]"
Add component (AddParameter): Name = "MP"; Value = "1935161"; VariantName = "[No Variations]"
Add component (AddParameter): Name = "Package"; Value = "None"; VariantName = "[No Variations]"
Add component (AddParameter): Name = "SnapEDA_Link"; Value = "https://www.snapeda.com/parts/1935161/Phoenix%20Contact/view-part/?ref=snap"; VariantName = "[No Variations]"
Add component (AddParameter): Name = "Value"; Value = ""; VariantName = "[No Variations]"
Added Component: Designator=J?(PHOENIX_1935161)
Add component. Clean all parameters for all variants
Add component (AddParameter): Name = "Digi-Key_Part_Number"; Value = "277-1667-ND"; VariantName = "[No Variations]"
Add component (AddParameter): Name = "Digi-Key_Purchase_URL"; Value = "https://www.digikey.com/product-detail/en/phoenix-contact/1935161/277-1667-ND/568614?utm_source=snapeda&utm_medium=aggregator&utm_campaign=symbol"; VariantName = "[No Variations]"
Add component (AddParameter): Name = "MF"; Value = "Phoenix Contact"; VariantName = "[No Variations]"
Add component (AddParameter): Name = "MP"; Value = "1935161"; VariantName = "[No Variations]"
Add component (AddParameter): Name = "Package"; Value = "None"; VariantName = "[No Variations]"
Add component (AddParameter): Name = "SnapEDA_Link"; Value = "https://www.snapeda.com/parts/1935161/Phoenix%20Contact/view-part/?ref=snap"; VariantName = "[No Variations]"
Add component (AddParameter): Name = "Value"; Value = ""; VariantName = "[No Variations]"
Added Component: Designator=J?(PHOENIX_1935161)
Add component. Clean all parameters for all variants
Add component (AddParameter): Name = "Digi-Key_Part_Number"; Value = "277-1667-ND"; VariantName = "[No Variations]"
Add component (AddParameter): Name = "Digi-Key_Purchase_URL"; Value = "https://www.digikey.com/product-detail/en/phoenix-contact/1935161/277-1667-ND/568614?utm_source=snapeda&utm_medium=aggregator&utm_campaign=symbol"; VariantName = "[No Variations]"
Add component (AddParameter): Name = "MF"; Value = "Phoenix Contact"; VariantName = "[No Variations]"
Add component (AddParameter): Name = "MP"; Value = "1935161"; VariantName = "[No Variations]"
Add component (AddParameter): Name = "Package"; Value = "None"; VariantName = "[No Variations]"
Add component (AddParameter): Name = "SnapEDA_Link"; Value = "https://www.snapeda.com/parts/1935161/Phoenix%20Contact/view-part/?ref=snap"; VariantName = "[No Variations]"
Add component (AddParameter): Name = "Value"; Value = ""; VariantName = "[No Variations]"
Added Component: Designator=J?(PHOENIX_1935161)
Add component. Clean all parameters for all variants
Add component (AddParameter): Name = "Digi-Key_Part_Number"; Value = "277-1667-ND"; VariantName = "[No Variations]"
Add component (AddParameter): Name = "Digi-Key_Purchase_URL"; Value = "https://www.digikey.com/product-detail/en/phoenix-contact/1935161/277-1667-ND/568614?utm_source=snapeda&utm_medium=aggregator&utm_campaign=symbol"; VariantName = "[No Variations]"
Add component (AddParameter): Name = "MF"; Value = "Phoenix Contact"; VariantName = "[No Variations]"
Add component (AddParameter): Name = "MP"; Value = "1935161"; VariantName = "[No Variations]"
Add component (AddParameter): Name = "Package"; Value = "None"; VariantName = "[No Variations]"
Add component (AddParameter): Name = "SnapEDA_Link"; Value = "https://www.snapeda.com/parts/1935161/Phoenix%20Contact/view-part/?ref=snap"; VariantName = "[No Variations]"
Add component (AddParameter): Name = "Value"; Value = ""; VariantName = "[No Variations]"
Added Component: Designator=J?(PHOENIX_1935161)
Add component. Clean all parameters for all variants
Add component (AddParameter): Name = "Digi-Key_Part_Number"; Value = "277-1667-ND"; VariantName = "[No Variations]"
Add component (AddParameter): Name = "Digi-Key_Purchase_URL"; Value = "https://www.digikey.com/product-detail/en/phoenix-contact/1935161/277-1667-ND/568614?utm_source=snapeda&utm_medium=aggregator&utm_campaign=symbol"; VariantName = "[No Variations]"
Add component (AddParameter): Name = "MF"; Value = "Phoenix Contact"; VariantName = "[No Variations]"
Add component (AddParameter): Name = "MP"; Value = "1935161"; VariantName = "[No Variations]"
Add component (AddParameter): Name = "Package"; Value = "None"; VariantName = "[No Variations]"
Add component (AddParameter): Name = "SnapEDA_Link"; Value = "https://www.snapeda.com/parts/1935161/Phoenix%20Contact/view-part/?ref=snap"; VariantName = "[No Variations]"
Add component (AddParameter): Name = "Value"; Value = ""; VariantName = "[No Variations]"
Added Component: Designator=J?(PHOENIX_1935161)
Add component. Clean all parameters for all variants
Add component (AddParameter): Name = "Digi-Key_Part_Number"; Value = "277-1667-ND"; VariantName = "[No Variations]"
Add component (AddParameter): Name = "Digi-Key_Purchase_URL"; Value = "https://www.digikey.com/product-detail/en/phoenix-contact/1935161/277-1667-ND/568614?utm_source=snapeda&utm_medium=aggregator&utm_campaign=symbol"; VariantName = "[No Variations]"
Add component (AddParameter): Name = "MF"; Value = "Phoenix Contact"; VariantName = "[No Variations]"
Add component (AddParameter): Name = "MP"; Value = "1935161"; VariantName = "[No Variations]"
Add component (AddParameter): Name = "Package"; Value = "None"; VariantName = "[No Variations]"
Add component (AddParameter): Name = "SnapEDA_Link"; Value = "https://www.snapeda.com/parts/1935161/Phoenix%20Contact/view-part/?ref=snap"; VariantName = "[No Variations]"
Add component (AddParameter): Name = "Value"; Value = ""; VariantName = "[No Variations]"
Added Component: Designator=J?(PHOENIX_1935161)
Add component. Clean all parameters for all variants
Add component (AddParameter): Name = "Digi-Key_Part_Number"; Value = "277-1667-ND"; VariantName = "[No Variations]"
Add component (AddParameter): Name = "Digi-Key_Purchase_URL"; Value = "https://www.digikey.com/product-detail/en/phoenix-contact/1935161/277-1667-ND/568614?utm_source=snapeda&utm_medium=aggregator&utm_campaign=symbol"; VariantName = "[No Variations]"
Add component (AddParameter): Name = "MF"; Value = "Phoenix Contact"; VariantName = "[No Variations]"
Add component (AddParameter): Name = "MP"; Value = "1935161"; VariantName = "[No Variations]"
Add component (AddParameter): Name = "Package"; Value = "None"; VariantName = "[No Variations]"
Add component (AddParameter): Name = "SnapEDA_Link"; Value = "https://www.snapeda.com/parts/1935161/Phoenix%20Contact/view-part/?ref=snap"; VariantName = "[No Variations]"
Add component (AddParameter): Name = "Value"; Value = ""; VariantName = "[No Variations]"
Added Component: Designator=J?(PHOENIX_1935161)
Add component. Clean all parameters for all variants
Add component (AddParameter): Name = "Digi-Key_Part_Number"; Value = "277-1667-ND"; VariantName = "[No Variations]"
Add component (AddParameter): Name = "Digi-Key_Purchase_URL"; Value = "https://www.digikey.com/product-detail/en/phoenix-contact/1935161/277-1667-ND/568614?utm_source=snapeda&utm_medium=aggregator&utm_campaign=symbol"; VariantName = "[No Variations]"
Add component (AddParameter): Name = "MF"; Value = "Phoenix Contact"; VariantName = "[No Variations]"
Add component (AddParameter): Name = "MP"; Value = "1935161"; VariantName = "[No Variations]"
Add component (AddParameter): Name = "Package"; Value = "None"; VariantName = "[No Variations]"
Add component (AddParameter): Name = "SnapEDA_Link"; Value = "https://www.snapeda.com/parts/1935161/Phoenix%20Contact/view-part/?ref=snap"; VariantName = "[No Variations]"
Add component (AddParameter): Name = "Value"; Value = ""; VariantName = "[No Variations]"
Added Component: Designator=J?(PHOENIX_1935161)
Add component. Clean all parameters for all variants
Add component (AddParameter): Name = "Digi-Key_Part_Number"; Value = "277-1667-ND"; VariantName = "[No Variations]"
Add component (AddParameter): Name = "Digi-Key_Purchase_URL"; Value = "https://www.digikey.com/product-detail/en/phoenix-contact/1935161/277-1667-ND/568614?utm_source=snapeda&utm_medium=aggregator&utm_campaign=symbol"; VariantName = "[No Variations]"
Add component (AddParameter): Name = "MF"; Value = "Phoenix Contact"; VariantName = "[No Variations]"
Add component (AddParameter): Name = "MP"; Value = "1935161"; VariantName = "[No Variations]"
Add component (AddParameter): Name = "Package"; Value = "None"; VariantName = "[No Variations]"
Add component (AddParameter): Name = "SnapEDA_Link"; Value = "https://www.snapeda.com/parts/1935161/Phoenix%20Contact/view-part/?ref=snap"; VariantName = "[No Variations]"
Add component (AddParameter): Name = "Value"; Value = ""; VariantName = "[No Variations]"
Added Component: Designator=J?(PHOENIX_1935161)
Add component. Clean all parameters for all variants
Add component (AddParameter): Name = "Digi-Key_Part_Number"; Value = "277-1667-ND"; VariantName = "[No Variations]"
Add component (AddParameter): Name = "Digi-Key_Purchase_URL"; Value = "https://www.digikey.com/product-detail/en/phoenix-contact/1935161/277-1667-ND/568614?utm_source=snapeda&utm_medium=aggregator&utm_campaign=symbol"; VariantName = "[No Variations]"
Add component (AddParameter): Name = "MF"; Value = "Phoenix Contact"; VariantName = "[No Variations]"
Add component (AddParameter): Name = "MP"; Value = "1935161"; VariantName = "[No Variations]"
Add component (AddParameter): Name = "Package"; Value = "None"; VariantName = "[No Variations]"
Add component (AddParameter): Name = "SnapEDA_Link"; Value = "https://www.snapeda.com/parts/1935161/Phoenix%20Contact/view-part/?ref=snap"; VariantName = "[No Variations]"
Add component (AddParameter): Name = "Value"; Value = ""; VariantName = "[No Variations]"
Added Pin To Net: NetName=AD0 Pin=AD_L-1
Added Pin To Net: NetName=AD1 Pin=AD_L-2
Added Pin To Net: NetName=AD2 Pin=AD_L-3
Added Pin To Net: NetName=AD3 Pin=AD_L-4
Added Pin To Net: NetName=AD4 Pin=AD_L-5
Added Pin To Net: NetName=AD5 Pin=AD_L-6
Added Pin To Net: NetName=SCL Pin=COMMS-1
Added Pin To Net: NetName=SDA Pin=COMMS-2
Added Pin To Net: NetName=5V Pin=DIGITAL-1
Added Pin To Net: NetName=5V Pin=DIGITAL-2
Added Pin To Net: NetName=GND Pin=DIGITAL-35
Added Pin To Net: NetName=GND Pin=DIGITAL-36
Added Pin To Net: NetName=MISO Pin=ICSP-1
Added Pin To Net: NetName=5V Pin=ICSP-2
Added Pin To Net: NetName=SCK Pin=ICSP-3
Added Pin To Net: NetName=MOSI Pin=ICSP-4
Added Pin To Net: NetName=RESET Pin=ICSP-5
Added Pin To Net: NetName=GND Pin=ICSP-6
Added Pin To Net: NetName=+3.3V Pin=J?-1
Added Pin To Net: NetName=GND Pin=J?-2
Added Pin To Net: NetName=GND Pin=J?-2
Added Pin To Net: NetName=GND Pin=J?-2
Added Pin To Net: NetName=Vin Pin=POWER-1
Added Pin To Net: NetName=GND Pin=POWER-2
Added Pin To Net: NetName=GND Pin=POWER-3
Added Pin To Net: NetName=5V Pin=POWER-4
Added Pin To Net: NetName=3V3 Pin=POWER-5
Added Pin To Net: NetName=RESET Pin=POWER-6
Added Pin To Net: NetName=GND Pin=PWM_H-7
Added Pin To Net: NetName=AREF Pin=PWM_H-8
Added Pin To Net: NetName=+5V Pin=S?-2
Change Net Name : Old Net Name=+3.3V New Net Name=Vled
Added Pin To Net: NetName=AD6 Pin=AD_L-7
Added Net: Name=AD6
Added Pin To Net: NetName=AD7 Pin=AD_L-8
Added Net: Name=AD7
Added Pin To Net: NetName=AD8 Pin=AD_H-1
Added Net: Name=AD8
Added Pin To Net: NetName=AD9 Pin=AD_H-2
Added Net: Name=AD9
Added Pin To Net: NetName=AD10 Pin=AD_H-3
Added Net: Name=AD10
Added Pin To Net: NetName=AD11 Pin=AD_H-4
Added Net: Name=AD11
Added Pin To Net: NetName=AD12 Pin=AD_H-5
Added Net: Name=AD12
Added Pin To Net: NetName=AD13 Pin=AD_H-6
Added Net: Name=AD13
Added Pin To Net: NetName=AD14 Pin=AD_H-7
Added Net: Name=AD14
Added Pin To Net: NetName=AD15 Pin=AD_H-8
Added Net: Name=AD15
Added Pin To Net: NetName=IO22 Pin=DIGITAL-3
Added Net: Name=IO22
Added Pin To Net: NetName=IO23 Pin=DIGITAL-4
Added Net: Name=IO23
Added Pin To Net: NetName=IO24 Pin=DIGITAL-5
Added Net: Name=IO24
Added Pin To Net: NetName=IO25 Pin=DIGITAL-6
Added Net: Name=IO25
Added Pin To Net: NetName=IO26 Pin=DIGITAL-7
Added Net: Name=IO26
Added Pin To Net: NetName=IO27 Pin=DIGITAL-8
Added Net: Name=IO27
Added Pin To Net: NetName=IO28 Pin=DIGITAL-9
Added Net: Name=IO28
Added Pin To Net: NetName=IO29 Pin=DIGITAL-10
Added Net: Name=IO29
Added Pin To Net: NetName=IO30 Pin=DIGITAL-11
Added Net: Name=IO30
Added Pin To Net: NetName=IO31 Pin=DIGITAL-12
Added Net: Name=IO31
Added Pin To Net: NetName=IO32 Pin=DIGITAL-13
Added Net: Name=IO32
Added Pin To Net: NetName=IO33 Pin=DIGITAL-14
Added Net: Name=IO33
Added Pin To Net: NetName=IO34 Pin=DIGITAL-15
Added Net: Name=IO34
Added Pin To Net: NetName=IO35 Pin=DIGITAL-16
Added Net: Name=IO35
Added Pin To Net: NetName=IO36 Pin=DIGITAL-17
Added Net: Name=IO36
Added Pin To Net: NetName=IO37 Pin=DIGITAL-18
Added Net: Name=IO37
Added Pin To Net: NetName=IO38 Pin=DIGITAL-19
Added Net: Name=IO38
Added Pin To Net: NetName=IO39 Pin=DIGITAL-20
Added Net: Name=IO39
Added Pin To Net: NetName=IO40 Pin=DIGITAL-21
Added Net: Name=IO40
Added Pin To Net: NetName=IO41 Pin=DIGITAL-22
Added Net: Name=IO41
Added Pin To Net: NetName=IO42 Pin=DIGITAL-23
Added Net: Name=IO42
Added Pin To Net: NetName=IO43 Pin=DIGITAL-24
Added Net: Name=IO43
Added Pin To Net: NetName=IO44 Pin=DIGITAL-25
Added Net: Name=IO44
Added Pin To Net: NetName=IO45 Pin=DIGITAL-26
Added Net: Name=IO45
Added Pin To Net: NetName=IO46 Pin=DIGITAL-27
Added Net: Name=IO46
Added Pin To Net: NetName=IO47 Pin=DIGITAL-28
Added Net: Name=IO47
Added Pin To Net: NetName=IO48 Pin=DIGITAL-29
Added Net: Name=IO48
Added Pin To Net: NetName=IO49 Pin=DIGITAL-30
Added Net: Name=IO49
Added Pin To Net: NetName=IO50 Pin=DIGITAL-31
Added Net: Name=IO50
Added Pin To Net: NetName=IO51 Pin=DIGITAL-32
Added Net: Name=IO51
Added Pin To Net: NetName=IO52 Pin=DIGITAL-33
Added Net: Name=IO52
Added Pin To Net: NetName=IO53 Pin=DIGITAL-34
Added Net: Name=IO53
Added Pin To Net: NetName=NetJ?_1 Pin=J?-1
Added Pin To Net: NetName=NetJ?_1 Pin=S?-1
Added Net: Name=NetJ?_1
Added Pin To Net: NetName=NetJ?_2 Pin=J?-2
Added Pin To Net: NetName=NetJ?_2 Pin=U?-2
Added Net: Name=NetJ?_2
Added Pin To Net: NetName=PWM2 Pin=PWM_L-3
Added Net: Name=PWM2
Added Pin To Net: NetName=PWM3 Pin=PWM_L-4
Added Net: Name=PWM3
Added Pin To Net: NetName=PWM4 Pin=PWM_L-5
Added Net: Name=PWM4
Added Pin To Net: NetName=PWM5 Pin=PWM_L-6
Added Net: Name=PWM5
Added Pin To Net: NetName=PWM6 Pin=PWM_L-7
Added Net: Name=PWM6
Added Pin To Net: NetName=PWM7 Pin=PWM_L-8
Added Net: Name=PWM7
Added Pin To Net: NetName=PWM8 Pin=PWM_H-1
Added Net: Name=PWM8
Added Pin To Net: NetName=PWM9 Pin=PWM_H-2
Added Net: Name=PWM9
Added Pin To Net: NetName=PWM10 Pin=PWM_H-3
Added Net: Name=PWM10
Added Pin To Net: NetName=PWM11 Pin=PWM_H-4
Added Net: Name=PWM11
Added Pin To Net: NetName=PWM12 Pin=PWM_H-5
Added Net: Name=PWM12
Added Pin To Net: NetName=PWM13 Pin=PWM_H-6
Added Net: Name=PWM13
Added Pin To Net: NetName=RX0 Pin=PWM_L-1
Added Net: Name=RX0
Added Pin To Net: NetName=RX1 Pin=COMMS-3
Added Net: Name=RX1
Added Pin To Net: NetName=RX2 Pin=COMMS-5
Added Net: Name=RX2
Added Pin To Net: NetName=RX3 Pin=COMMS-7
Added Net: Name=RX3
Added Pin To Net: NetName=TX0 Pin=PWM_L-2
Added Net: Name=TX0
Added Pin To Net: NetName=TX1 Pin=COMMS-4
Added Net: Name=TX1
Added Pin To Net: NetName=TX2 Pin=COMMS-6
Added Net: Name=TX2
Added Pin To Net: NetName=TX3 Pin=COMMS-8
Added Net: Name=TX3
Added Member To Class: ClassName=Laser Member=Component AD_H
Added Member To Class: ClassName=Laser Member=Component AD_L
Added Member To Class: ClassName=Laser Member=Component COMMS Communication
Added Member To Class: ClassName=Laser Member=Component DIGITAL IO_36
Added Member To Class: ClassName=Laser Member=Component ICSP
Added Member To Class: ClassName=Laser Member=Component J? 1935161
Added Member To Class: ClassName=Laser Member=Component J? 1935161
Added Member To Class: ClassName=Laser Member=Component J? 1935161
Added Member To Class: ClassName=Laser Member=Component J? 1935161
Added Member To Class: ClassName=Laser Member=Component J? 1935161
Added Member To Class: ClassName=Laser Member=Component J? 1935161
Added Member To Class: ClassName=Laser Member=Component J? 1935161
Added Member To Class: ClassName=Laser Member=Component J? 1935161
Added Member To Class: ClassName=Laser Member=Component J? 1935161
Added Member To Class: ClassName=Laser Member=Component J? 1935161
Added Member To Class: ClassName=Laser Member=Component J? 1935161
Added Member To Class: ClassName=Laser Member=Component POWER
Added Member To Class: ClassName=Laser Member=Component PWM_H
Added Member To Class: ClassName=Laser Member=Component PWM_L
Added Member To Class: ClassName=Laser Member=Component R? 3.6_R
Added Member To Class: ClassName=Laser Member=Component R? Res1
Added Member To Class: ClassName=Laser Member=Component R? 3.6_R
Added Member To Class: ClassName=Laser Member=Component R? Res1
Added Member To Class: ClassName=Laser Member=Component R? 3.6_R
Added Member To Class: ClassName=Laser Member=Component R? Res1
Added Member To Class: ClassName=Laser Member=Component R? Res1
Added Member To Class: ClassName=Laser Member=Component R? 3.6_R
Added Member To Class: ClassName=Laser Member=Component R? Res1
Added Member To Class: ClassName=Laser Member=Component R? 3.6_R
Added Member To Class: ClassName=Laser Member=Component R? Res1
Added Member To Class: ClassName=Laser Member=Component R? 3.6_R
Added Member To Class: ClassName=Laser Member=Component R? Res1
Added Member To Class: ClassName=Laser Member=Component R? 3.6_R
Added Member To Class: ClassName=Laser Member=Component R? Res1
Added Member To Class: ClassName=Laser Member=Component R? Res1
Added Member To Class: ClassName=Laser Member=Component U? IRFZ46NPBF
Added Member To Class: ClassName=Laser Member=Component U? LM317TG
Added Member To Class: ClassName=Laser Member=Component U? IRFZ46NPBF
Added Member To Class: ClassName=Laser Member=Component U? LM317TG
Added Member To Class: ClassName=Laser Member=Component U? IRFZ46NPBF
Added Member To Class: ClassName=Laser Member=Component U? IRFZ46NPBF
Added Member To Class: ClassName=Laser Member=Component U? LM317TG
Added Member To Class: ClassName=Laser Member=Component U? IRFZ46NPBF
Added Member To Class: ClassName=Laser Member=Component U? LM317TG
Added Member To Class: ClassName=Laser Member=Component U? IRFZ46NPBF
Added Member To Class: ClassName=Laser Member=Component U? LM317TG
Added Member To Class: ClassName=Laser Member=Component U? IRFZ46NPBF
Added Member To Class: ClassName=Laser Member=Component U? LM317TG
Added Member To Class: ClassName=Laser Member=Component U? IRFZ46NPBF
Added Member To Class: ClassName=Laser Member=Component U? LM317TG
