Change component parameters: Designator = "IOH"; Footprint = "Header 10x1 8.5mm"; UniqueID = "\LOLUGKMF"
Change component parameters. Clean all parameters for all variants
Change component parameters (AddParameter): Name = "Supplier 1"; Value = "Arrow"; VariantName = "[No Variations]"
Change component parameters (AddParameter): Name = "Supplier 2"; Value = "Digi-Key"; VariantName = "[No Variations]"
Change component parameters (AddParameter): Name = "Supplier 3"; Value = "Arrow"; VariantName = "[No Variations]"
Change component parameters (AddParameter): Name = "Supplier Part Number 1"; Value = "2698803S4475693N1004"; VariantName = "[No Variations]"
Change component parameters (AddParameter): Name = "Supplier Part Number 2"; Value = "SAM1198-10-ND"; VariantName = "[No Variations]"
Change component parameters (AddParameter): Name = "Supplier Part Number 3"; Value = "2698789"; VariantName = "[No Variations]"
Change component parameters: Designator = "AD"; Footprint = "Header 6x1 8.5mm"; UniqueID = "\RJDQAEYK"
Change component parameters. Clean all parameters for all variants
Change component parameters (AddParameter): Name = "Supplier 1"; Value = "Arrow"; VariantName = "[No Variations]"
Change component parameters (AddParameter): Name = "Supplier 2"; Value = "Digi-Key"; VariantName = "[No Variations]"
Change component parameters (AddParameter): Name = "Supplier 3"; Value = "Arrow"; VariantName = "[No Variations]"
Change component parameters (AddParameter): Name = "Supplier 4"; Value = "Arrow"; VariantName = "[No Variations]"
Change component parameters (AddParameter): Name = "Supplier Part Number 1"; Value = "2699089"; VariantName = "[No Variations]"
Change component parameters (AddParameter): Name = "Supplier Part Number 2"; Value = "SAM1198-06-ND"; VariantName = "[No Variations]"
Change component parameters (AddParameter): Name = "Supplier Part Number 3"; Value = "2699088"; VariantName = "[No Variations]"
Change component parameters (AddParameter): Name = "Supplier Part Number 4"; Value = "2699075"; VariantName = "[No Variations]"
Change component parameters: Designator = "IOL"; Footprint = "Header 8x1 8.5mm"; UniqueID = "\NYVQXCJG"
Change component parameters. Clean all parameters for all variants
Change component parameters (AddParameter): Name = "Supplier 1"; Value = "Digi-Key"; VariantName = "[No Variations]"
Change component parameters (AddParameter): Name = "Supplier 2"; Value = "Arrow"; VariantName = "[No Variations]"
Change component parameters (AddParameter): Name = "Supplier 3"; Value = "Arrow"; VariantName = "[No Variations]"
Change component parameters (AddParameter): Name = "Supplier 4"; Value = "Arrow"; VariantName = "[No Variations]"
Change component parameters (AddParameter): Name = "Supplier Part Number 1"; Value = "SAM1198-08-ND"; VariantName = "[No Variations]"
Change component parameters (AddParameter): Name = "Supplier Part Number 2"; Value = "2698939"; VariantName = "[No Variations]"
Change component parameters (AddParameter): Name = "Supplier Part Number 3"; Value = "2698940"; VariantName = "[No Variations]"
Change component parameters (AddParameter): Name = "Supplier Part Number 4"; Value = "2698925"; VariantName = "[No Variations]"
Change component parameters: Designator = "POWER"; Footprint = "Header 8x1 8.5mm"; UniqueID = "\SKQJIHNU"
Change component parameters. Clean all parameters for all variants
Change component parameters (AddParameter): Name = "Supplier 1"; Value = "Digi-Key"; VariantName = "[No Variations]"
Change component parameters (AddParameter): Name = "Supplier 2"; Value = "Arrow"; VariantName = "[No Variations]"
Change component parameters (AddParameter): Name = "Supplier 3"; Value = "Arrow"; VariantName = "[No Variations]"
Change component parameters (AddParameter): Name = "Supplier 4"; Value = "Arrow"; VariantName = "[No Variations]"
Change component parameters (AddParameter): Name = "Supplier Part Number 1"; Value = "SAM1198-08-ND"; VariantName = "[No Variations]"
Change component parameters (AddParameter): Name = "Supplier Part Number 2"; Value = "2698939"; VariantName = "[No Variations]"
Change component parameters (AddParameter): Name = "Supplier Part Number 3"; Value = "2698940"; VariantName = "[No Variations]"
Change component parameters (AddParameter): Name = "Supplier Part Number 4"; Value = "2698925"; VariantName = "[No Variations]"
Change component parameters: Designator = "ICSP"; Footprint = "ICSP"; UniqueID = "\QHXSKYFW"
Change component parameters. Clean all parameters for all variants
Change component parameters (AddParameter): Name = "Supplier 1"; Value = "Arrow"; VariantName = "[No Variations]"
Change component parameters (AddParameter): Name = "Supplier 2"; Value = "Arrow"; VariantName = "[No Variations]"
Change component parameters (AddParameter): Name = "Supplier 3"; Value = "Digi-Key"; VariantName = "[No Variations]"
Change component parameters (AddParameter): Name = "Supplier 4"; Value = "Arrow"; VariantName = "[No Variations]"
Change component parameters (AddParameter): Name = "Supplier 5"; Value = "Digi-Key"; VariantName = "[No Variations]"
Change component parameters (AddParameter): Name = "Supplier Part Number 1"; Value = "2699117"; VariantName = "[No Variations]"
Change component parameters (AddParameter): Name = "Supplier Part Number 2"; Value = "2699116"; VariantName = "[No Variations]"
Change component parameters (AddParameter): Name = "Supplier Part Number 3"; Value = "SAM1185-06-ND"; VariantName = "[No Variations]"
Change component parameters (AddParameter): Name = "Supplier Part Number 4"; Value = "2699091"; VariantName = "[No Variations]"
Change component parameters (AddParameter): Name = "Supplier Part Number 5"; Value = "SAM1196-06-ND"; VariantName = "[No Variations]"
Added Component: Designator=R?(AXIAL-0.3)
Add component. Clean all parameters for all variants
Add component (AddParameter): Name = "LatestRevisionDate"; Value = "17-Jul-2002"; VariantName = "[No Variations]"
Add component (AddParameter): Name = "LatestRevisionNote"; Value = "Re-released for DXP Platform."; VariantName = "[No Variations]"
Add component (AddParameter): Name = "PackageReference"; Value = "AXIAL-0.3"; VariantName = "[No Variations]"
Add component (AddParameter): Name = "Published"; Value = "8-Jun-2000"; VariantName = "[No Variations]"
Add component (AddParameter): Name = "Publisher"; Value = "Altium Limited"; VariantName = "[No Variations]"
Add component (AddParameter): Name = "Value"; Value = "100k"; VariantName = "[No Variations]"
Added Pin To Net: NetName=GND Pin=ICSP-6
Added Pin To Net: NetName=GND Pin=IOH-7
Added Pin To Net: NetName=GND Pin=POWER-2
Added Pin To Net: NetName=GND Pin=POWER-3
Added Pin To Net: NetName=+5V Pin=R?-2
Added Pin To Net: NetName=+5V Pin=S?-1
Added Net: Name=+5V
Added Pin To Net: NetName=3V3 Pin=POWER-5
Added Net: Name=3V3
Added Pin To Net: NetName=5V Pin=ICSP-2
Added Pin To Net: NetName=5V Pin=POWER-4
Added Net: Name=5V
Added Pin To Net: NetName=AD0 Pin=AD-1
Added Net: Name=AD0
Added Pin To Net: NetName=AD1 Pin=AD-2
Added Net: Name=AD1
Added Pin To Net: NetName=AD2 Pin=AD-3
Added Net: Name=AD2
Added Pin To Net: NetName=AD3 Pin=AD-4
Added Net: Name=AD3
Added Pin To Net: NetName=AD4 Pin=AD-5
Added Net: Name=AD4
Added Pin To Net: NetName=AD5 Pin=AD-6
Added Net: Name=AD5
Added Pin To Net: NetName=AREF Pin=IOH-8
Added Net: Name=AREF
Added Pin To Net: NetName=IO0 Pin=IOL-1
Added Net: Name=IO0
Added Pin To Net: NetName=IO1 Pin=IOL-2
Added Net: Name=IO1
Added Pin To Net: NetName=IO2 Pin=IOL-3
Added Net: Name=IO2
Added Pin To Net: NetName=IO3 Pin=IOL-4
Added Net: Name=IO3
Added Pin To Net: NetName=IO4 Pin=IOL-5
Added Net: Name=IO4
Added Pin To Net: NetName=IO5 Pin=IOL-6
Added Net: Name=IO5
Added Pin To Net: NetName=IO6 Pin=IOL-7
Added Net: Name=IO6
Added Pin To Net: NetName=IO7 Pin=IOL-8
Added Net: Name=IO7
Added Pin To Net: NetName=IO8 Pin=IOH-1
Added Net: Name=IO8
Added Pin To Net: NetName=IO9 Pin=IOH-2
Added Net: Name=IO9
Added Pin To Net: NetName=IO10 Pin=IOH-3
Added Net: Name=IO10
Added Pin To Net: NetName=IO11 Pin=IOH-4
Added Net: Name=IO11
Added Pin To Net: NetName=IO12 Pin=IOH-5
Added Net: Name=IO12
Added Pin To Net: NetName=IO13 Pin=IOH-6
Added Net: Name=IO13
Added Pin To Net: NetName=IOREF Pin=POWER-7
Added Net: Name=IOREF
Added Pin To Net: NetName=MISO Pin=ICSP-1
Added Net: Name=MISO
Added Pin To Net: NetName=MOSI Pin=ICSP-4
Added Net: Name=MOSI
Added Pin To Net: NetName=RESET Pin=ICSP-5
Added Pin To Net: NetName=RESET Pin=POWER-6
Added Net: Name=RESET
Added Pin To Net: NetName=SCK Pin=ICSP-3
Added Net: Name=SCK
Added Pin To Net: NetName=SCL Pin=IOH-10
Added Net: Name=SCL
Added Pin To Net: NetName=SDA Pin=IOH-9
Added Net: Name=SDA
Added Pin To Net: NetName=Vin Pin=POWER-1
Added Net: Name=Vin
Added Member To Class: ClassName=Laser Member=Component AD
Added Member To Class: ClassName=Laser Member=Component ICSP
Added Member To Class: ClassName=Laser Member=Component IOH
Added Member To Class: ClassName=Laser Member=Component IOL
Added Member To Class: ClassName=Laser Member=Component POWER POWER_UNO
Added Member To Class: ClassName=Laser Member=Component R? Res1
Added Member To Class: ClassName=Laser Member=Component R? Res1
Added Member To Class: ClassName=Laser Member=Component R? 3.6_R
Added Member To Class: ClassName=Laser Member=Component R? Res1
Added Member To Class: ClassName=Laser Member=Component R? 3.6_R
Added Member To Class: ClassName=Laser Member=Component R? Res1
Added Member To Class: ClassName=Laser Member=Component R? 3.6_R
Added Member To Class: ClassName=Laser Member=Component R? Res1
Added Member To Class: ClassName=Laser Member=Component R? Res1
Added Member To Class: ClassName=Laser Member=Component R? 3.6_R
Added Member To Class: ClassName=Laser Member=Component R? Res1
Added Member To Class: ClassName=Laser Member=Component R? 3.6_R
Added Member To Class: ClassName=Laser Member=Component R? Res1
Added Member To Class: ClassName=Laser Member=Component R? 3.6_R
Added Member To Class: ClassName=Laser Member=Component R? 3.6_R
Added Member To Class: ClassName=Laser Member=Component R? Res1
Added Member To Class: ClassName=Laser Member=Component U? LM317TG
Added Member To Class: ClassName=Laser Member=Component U? IRFZ46NPBF
Added Member To Class: ClassName=Laser Member=Component U? IRFZ46NPBF
Added Member To Class: ClassName=Laser Member=Component U? LM317TG
Added Member To Class: ClassName=Laser Member=Component U? IRFZ46NPBF
Added Member To Class: ClassName=Laser Member=Component U? IRFZ46NPBF
Added Member To Class: ClassName=Laser Member=Component U? LM317TG
Added Member To Class: ClassName=Laser Member=Component U? LM317TG
Added Member To Class: ClassName=Laser Member=Component U? IRFZ46NPBF
Added Member To Class: ClassName=Laser Member=Component U? LM317TG
Added Member To Class: ClassName=Laser Member=Component U? IRFZ46NPBF
Added Member To Class: ClassName=Laser Member=Component U? IRFZ46NPBF
Added Member To Class: ClassName=Laser Member=Component U? LM317TG
Added Member To Class: ClassName=Laser Member=Component U? LM317TG
Added Member To Class: ClassName=Laser Member=Component U? IRFZ46NPBF
