Change Component Comment : Designator=R1 Old Comment=3.6_R New Comment=3.6
Change Component Comment : Designator=R2 Old Comment=3.6_R New Comment=3.6
Change Component Comment : Designator=R3 Old Comment=3.6_R New Comment=3.6
Change Component Comment : Designator=R4 Old Comment=3.6_R New Comment=3.6
Change Component Comment : Designator=R9 Old Comment=3.6_R New Comment=3.6
Change Component Comment : Designator=R10 Old Comment=3.6_R New Comment=3.6
Change Component Comment : Designator=R11 Old Comment=3.6_R New Comment=3.6
Change Component Comment : Designator=R12 Old Comment=3.6_R New Comment=3.6
Added Pin To Net: NetName=NetJ3_1 Pin=R1-2
Added Pin To Net: NetName=NetJ4_1 Pin=R2-2
Added Pin To Net: NetName=NetJ5_1 Pin=R3-2
Added Pin To Net: NetName=NetJ6_1 Pin=R4-2
Added Pin To Net: NetName=NetJ7_1 Pin=R9-2
Added Pin To Net: NetName=NetJ8_1 Pin=R10-2
Added Pin To Net: NetName=NetJ9_1 Pin=R11-2
Added Pin To Net: NetName=NetJ10_1 Pin=R12-2
Added Pin To Net: NetName=NetR1_1 Pin=R1-1
Added Pin To Net: NetName=NetR1_1 Pin=U1-2
Added Net: Name=NetR1_1
Added Pin To Net: NetName=NetR2_1 Pin=R2-1
Added Pin To Net: NetName=NetR2_1 Pin=U2-2
Added Net: Name=NetR2_1
Added Pin To Net: NetName=NetR3_1 Pin=R3-1
Added Pin To Net: NetName=NetR3_1 Pin=U3-2
Added Net: Name=NetR3_1
Added Pin To Net: NetName=NetR4_1 Pin=R4-1
Added Pin To Net: NetName=NetR4_1 Pin=U4-2
Added Net: Name=NetR4_1
Added Pin To Net: NetName=NetR9_1 Pin=R9-1
Added Pin To Net: NetName=NetR9_1 Pin=U9-2
Added Net: Name=NetR9_1
Added Pin To Net: NetName=NetR10_1 Pin=R10-1
Added Pin To Net: NetName=NetR10_1 Pin=U10-2
Added Net: Name=NetR10_1
Added Pin To Net: NetName=NetR11_1 Pin=R11-1
Added Pin To Net: NetName=NetR11_1 Pin=U11-2
Added Net: Name=NetR11_1
Added Pin To Net: NetName=NetR12_1 Pin=R12-1
Added Pin To Net: NetName=NetR12_1 Pin=U12-2
Added Net: Name=NetR12_1
