Change Component Designator: OldDesignator=J? NewDesignator=J1
Change Component Designator: OldDesignator=J? NewDesignator=J2
Change Component Designator: OldDesignator=J? NewDesignator=J3
Change Component Designator: OldDesignator=J? NewDesignator=J4
Change Component Designator: OldDesignator=J? NewDesignator=J5
Change Component Designator: OldDesignator=J? NewDesignator=J6
Change Component Designator: OldDesignator=J? NewDesignator=J7
Change Component Designator: OldDesignator=J? NewDesignator=J8
Change Component Designator: OldDesignator=J? NewDesignator=J9
Change Component Designator: OldDesignator=J? NewDesignator=J10
Change Component Designator: OldDesignator=J? NewDesignator=J11
Change Component Designator: OldDesignator=R? NewDesignator=R1
Change Component Designator: OldDesignator=R? NewDesignator=R2
Change Component Designator: OldDesignator=R? NewDesignator=R3
Change Component Designator: OldDesignator=R? NewDesignator=R4
Change Component Designator: OldDesignator=R? NewDesignator=R5
Change Component Designator: OldDesignator=R? NewDesignator=R6
Change Component Designator: OldDesignator=R? NewDesignator=R7
Change Component Designator: OldDesignator=R? NewDesignator=R8
Change Component Designator: OldDesignator=R? NewDesignator=R9
Change Component Designator: OldDesignator=R? NewDesignator=R10
Change Component Designator: OldDesignator=R? NewDesignator=R11
Change Component Designator: OldDesignator=R? NewDesignator=R12
Change Component Designator: OldDesignator=R? NewDesignator=R13
Change Component Designator: OldDesignator=R? NewDesignator=R14
Change Component Designator: OldDesignator=R? NewDesignator=R15
Change Component Designator: OldDesignator=R? NewDesignator=R16
Change Component Designator: OldDesignator=R? NewDesignator=R17
Change Component Designator: OldDesignator=S? NewDesignator=S1
Change Component Designator: OldDesignator=U? NewDesignator=U1
Change Component Designator: OldDesignator=U? NewDesignator=U2
Change Component Designator: OldDesignator=U? NewDesignator=U3
Change Component Designator: OldDesignator=U? NewDesignator=U4
Change Component Designator: OldDesignator=U? NewDesignator=U5
Change Component Designator: OldDesignator=U? NewDesignator=U6
Change Component Designator: OldDesignator=U? NewDesignator=U7
Change Component Designator: OldDesignator=U? NewDesignator=U8
Change Component Designator: OldDesignator=U? NewDesignator=U9
Change Component Designator: OldDesignator=U? NewDesignator=U10
Change Component Designator: OldDesignator=U? NewDesignator=U11
Change Component Designator: OldDesignator=U? NewDesignator=U12
Change Component Designator: OldDesignator=U? NewDesignator=U13
Change Component Designator: OldDesignator=U? NewDesignator=U14
Change Component Designator: OldDesignator=U? NewDesignator=U15
Change Component Designator: OldDesignator=U? NewDesignator=U16
Change Net Name : Old Net Name=NetJ?_1 New Net Name=NetJ1_1
Change Net Name : Old Net Name=NetJ?_2 New Net Name=NetJ5_2
Change Net Name : Old Net Name=NetR?_2 New Net Name=NetR15_2
Added Pin To Net: NetName=NetJ3_1 Pin=J3-1
Added Pin To Net: NetName=NetJ3_1 Pin=U1-1
Added Net: Name=NetJ3_1
Added Pin To Net: NetName=NetJ3_2 Pin=J3-2
Added Pin To Net: NetName=NetJ3_2 Pin=U5-2
Added Net: Name=NetJ3_2
Added Pin To Net: NetName=NetJ4_1 Pin=J4-1
Added Pin To Net: NetName=NetJ4_1 Pin=U2-1
Added Net: Name=NetJ4_1
Added Pin To Net: NetName=NetJ4_2 Pin=J4-2
Added Pin To Net: NetName=NetJ4_2 Pin=U6-2
Added Net: Name=NetJ4_2
Added Pin To Net: NetName=NetJ5_1 Pin=J5-1
Added Pin To Net: NetName=NetJ5_1 Pin=U3-1
Added Net: Name=NetJ5_1
Added Pin To Net: NetName=NetJ6_1 Pin=J6-1
Added Pin To Net: NetName=NetJ6_1 Pin=U4-1
Added Net: Name=NetJ6_1
Added Pin To Net: NetName=NetJ6_2 Pin=J6-2
Added Pin To Net: NetName=NetJ6_2 Pin=U8-2
Added Net: Name=NetJ6_2
Added Pin To Net: NetName=NetJ7_1 Pin=J7-1
Added Pin To Net: NetName=NetJ7_1 Pin=U9-1
Added Net: Name=NetJ7_1
Added Pin To Net: NetName=NetJ7_2 Pin=J7-2
Added Pin To Net: NetName=NetJ7_2 Pin=U13-2
Added Net: Name=NetJ7_2
Added Pin To Net: NetName=NetJ8_1 Pin=J8-1
Added Pin To Net: NetName=NetJ8_1 Pin=U10-1
Added Net: Name=NetJ8_1
Added Pin To Net: NetName=NetJ8_2 Pin=J8-2
Added Pin To Net: NetName=NetJ8_2 Pin=U14-2
Added Net: Name=NetJ8_2
Added Pin To Net: NetName=NetJ9_1 Pin=J9-1
Added Pin To Net: NetName=NetJ9_1 Pin=U11-1
Added Net: Name=NetJ9_1
Added Pin To Net: NetName=NetJ9_2 Pin=J9-2
Added Pin To Net: NetName=NetJ9_2 Pin=U15-2
Added Net: Name=NetJ9_2
Added Pin To Net: NetName=NetJ10_1 Pin=J10-1
Added Pin To Net: NetName=NetJ10_1 Pin=U12-1
Added Net: Name=NetJ10_1
Added Pin To Net: NetName=NetJ10_2 Pin=J10-2
Added Pin To Net: NetName=NetJ10_2 Pin=U16-2
Added Net: Name=NetJ10_2
Added Pin To Net: NetName=NetJ11_1 Pin=J11-1
Added Pin To Net: NetName=NetJ11_1 Pin=R17-1
Added Net: Name=NetJ11_1
Added Pin To Net: NetName=NetR5_2 Pin=R5-2
Added Pin To Net: NetName=NetR5_2 Pin=U5-1
Added Net: Name=NetR5_2
Added Pin To Net: NetName=NetR6_2 Pin=R6-2
Added Pin To Net: NetName=NetR6_2 Pin=U6-1
Added Net: Name=NetR6_2
Added Pin To Net: NetName=NetR7_2 Pin=R7-2
Added Pin To Net: NetName=NetR7_2 Pin=U7-1
Added Net: Name=NetR7_2
Added Pin To Net: NetName=NetR8_2 Pin=R8-2
Added Pin To Net: NetName=NetR8_2 Pin=U8-1
Added Net: Name=NetR8_2
Added Pin To Net: NetName=NetR13_2 Pin=R13-2
Added Pin To Net: NetName=NetR13_2 Pin=U13-1
Added Net: Name=NetR13_2
Added Pin To Net: NetName=NetR14_2 Pin=R14-2
Added Pin To Net: NetName=NetR14_2 Pin=U14-1
Added Net: Name=NetR14_2
Added Pin To Net: NetName=NetR16_2 Pin=R16-2
Added Pin To Net: NetName=NetR16_2 Pin=U16-1
Added Net: Name=NetR16_2
Added Member To Class: ClassName=Laser Member=Component J1 1935161
Added Member To Class: ClassName=Laser Member=Component J2 1935161
Added Member To Class: ClassName=Laser Member=Component J3 1935161
Added Member To Class: ClassName=Laser Member=Component J4 1935161
Added Member To Class: ClassName=Laser Member=Component J5 1935161
Added Member To Class: ClassName=Laser Member=Component J6 1935161
Added Member To Class: ClassName=Laser Member=Component J7 1935161
Added Member To Class: ClassName=Laser Member=Component J8 1935161
Added Member To Class: ClassName=Laser Member=Component J9 1935161
Added Member To Class: ClassName=Laser Member=Component J11 1935161
Added Member To Class: ClassName=Laser Member=Component R1 3.6_R
Added Member To Class: ClassName=Laser Member=Component R2 3.6_R
Added Member To Class: ClassName=Laser Member=Component R4 3.6_R
Added Member To Class: ClassName=Laser Member=Component R5 Res1
Added Member To Class: ClassName=Laser Member=Component R6 Res1
Added Member To Class: ClassName=Laser Member=Component R7 Res1
Added Member To Class: ClassName=Laser Member=Component R8 Res1
Added Member To Class: ClassName=Laser Member=Component R9 3.6_R
Added Member To Class: ClassName=Laser Member=Component R10 3.6_R
Added Member To Class: ClassName=Laser Member=Component R11 3.6_R
Added Member To Class: ClassName=Laser Member=Component R12 3.6_R
Added Member To Class: ClassName=Laser Member=Component R13 Res1
Added Member To Class: ClassName=Laser Member=Component R14 Res1
Added Member To Class: ClassName=Laser Member=Component R15 Res1
Added Member To Class: ClassName=Laser Member=Component R16 Res1
Added Member To Class: ClassName=Laser Member=Component R17 Res1
Added Member To Class: ClassName=Laser Member=Component U1 LM317TG
Added Member To Class: ClassName=Laser Member=Component U2 LM317TG
Added Member To Class: ClassName=Laser Member=Component U4 LM317TG
Added Member To Class: ClassName=Laser Member=Component U5 IRFZ46NPBF
Added Member To Class: ClassName=Laser Member=Component U6 IRFZ46NPBF
Added Member To Class: ClassName=Laser Member=Component U7 IRFZ46NPBF
Added Member To Class: ClassName=Laser Member=Component U8 IRFZ46NPBF
Added Member To Class: ClassName=Laser Member=Component U9 LM317TG
Added Member To Class: ClassName=Laser Member=Component U10 LM317TG
Added Member To Class: ClassName=Laser Member=Component U11 LM317TG
Added Member To Class: ClassName=Laser Member=Component U12 LM317TG
Added Member To Class: ClassName=Laser Member=Component U13 IRFZ46NPBF
Added Member To Class: ClassName=Laser Member=Component U14 IRFZ46NPBF
Added Member To Class: ClassName=Laser Member=Component U15 IRFZ46NPBF
Added Member To Class: ClassName=Laser Member=Component U16 IRFZ46NPBF
