Removed Pin From Net: NetName=NetJ11_Photoresistor1_1 Pin=J11_Photoresistor2-1
Removed Pin From Net: NetName=NetJ11_Photoresistor1_1 Pin=J11_Photoresistor3-1
Removed Pin From Net: NetName=NetJ11_Photoresistor1_1 Pin=J11_Photoresistor4-1
Removed Pin From Net: NetName=NetJ11_Photoresistor1_1 Pin=J11_Photoresistor5-1
Removed Pin From Net: NetName=NetJ11_Photoresistor1_1 Pin=J11_Photoresistor6-1
Removed Pin From Net: NetName=NetJ11_Photoresistor1_1 Pin=J11_Photoresistor7-1
Removed Pin From Net: NetName=NetJ11_Photoresistor1_1 Pin=J11_Photoresistor8-1
Removed Pin From Net: NetName=NetJ11_Photoresistor1_1 Pin=R17_Photoresistor2-1
Removed Pin From Net: NetName=NetJ11_Photoresistor1_1 Pin=R17_Photoresistor3-1
Removed Pin From Net: NetName=NetJ11_Photoresistor1_1 Pin=R17_Photoresistor4-1
Removed Pin From Net: NetName=NetJ11_Photoresistor1_1 Pin=R17_Photoresistor5-1
Removed Pin From Net: NetName=NetJ11_Photoresistor1_1 Pin=R17_Photoresistor6-1
Removed Pin From Net: NetName=NetJ11_Photoresistor1_1 Pin=R17_Photoresistor7-1
Removed Pin From Net: NetName=NetJ11_Photoresistor1_1 Pin=R17_Photoresistor8-1
Change Net Name : Old Net Name=IO22 New Net Name=SENSOR1
Change Net Name : Old Net Name=IO23 New Net Name=LASER1
Change Net Name : Old Net Name=IO24 New Net Name=SENSOR2
Change Net Name : Old Net Name=IO25 New Net Name=LASER2
Change Net Name : Old Net Name=IO26 New Net Name=SENSOR3
Change Net Name : Old Net Name=IO27 New Net Name=LASER3
Change Net Name : Old Net Name=IO28 New Net Name=SENSOR4
Change Net Name : Old Net Name=IO29 New Net Name=LASER4
Change Net Name : Old Net Name=IO30 New Net Name=SENSOR5
Change Net Name : Old Net Name=IO31 New Net Name=LASER5
Change Net Name : Old Net Name=IO32 New Net Name=SENSOR6
Change Net Name : Old Net Name=IO33 New Net Name=LASER6
Change Net Name : Old Net Name=IO34 New Net Name=SENSOR7
Change Net Name : Old Net Name=IO35 New Net Name=LASER7
Change Net Name : Old Net Name=IO36 New Net Name=SENSOR8
Change Net Name : Old Net Name=IO37 New Net Name=LASER8
Added Pin To Net: NetName=LASER_BUS1 Pin=R5_Laser1-2
Added Pin To Net: NetName=LASER_BUS1 Pin=U5_Laser1-1
Added Net: Name=LASER_BUS1
Added Pin To Net: NetName=LASER_BUS2 Pin=R5_Laser2-2
Added Pin To Net: NetName=LASER_BUS2 Pin=U5_Laser2-1
Added Net: Name=LASER_BUS2
Added Pin To Net: NetName=LASER_BUS3 Pin=R5_Laser3-2
Added Pin To Net: NetName=LASER_BUS3 Pin=U5_Laser3-1
Added Net: Name=LASER_BUS3
Added Pin To Net: NetName=LASER_BUS4 Pin=R5_Laser4-2
Added Pin To Net: NetName=LASER_BUS4 Pin=U5_Laser4-1
Added Net: Name=LASER_BUS4
Added Pin To Net: NetName=LASER_BUS5 Pin=R5_Laser5-2
Added Pin To Net: NetName=LASER_BUS5 Pin=U5_Laser5-1
Added Net: Name=LASER_BUS5
Added Pin To Net: NetName=LASER_BUS6 Pin=R5_Laser6-2
Added Pin To Net: NetName=LASER_BUS6 Pin=U5_Laser6-1
Added Net: Name=LASER_BUS6
Added Pin To Net: NetName=LASER_BUS7 Pin=R5_Laser7-2
Added Pin To Net: NetName=LASER_BUS7 Pin=U5_Laser7-1
Added Net: Name=LASER_BUS7
Added Pin To Net: NetName=LASER_BUS8 Pin=R5_Laser8-2
Added Pin To Net: NetName=LASER_BUS8 Pin=U5_Laser8-1
Added Net: Name=LASER_BUS8
Added Pin To Net: NetName=NetJ11_Photoresistor2_1 Pin=J11_Photoresistor2-1
Added Pin To Net: NetName=NetJ11_Photoresistor2_1 Pin=R17_Photoresistor2-1
Added Net: Name=NetJ11_Photoresistor2_1
Added Pin To Net: NetName=NetJ11_Photoresistor3_1 Pin=J11_Photoresistor3-1
Added Pin To Net: NetName=NetJ11_Photoresistor3_1 Pin=R17_Photoresistor3-1
Added Net: Name=NetJ11_Photoresistor3_1
Added Pin To Net: NetName=NetJ11_Photoresistor4_1 Pin=J11_Photoresistor4-1
Added Pin To Net: NetName=NetJ11_Photoresistor4_1 Pin=R17_Photoresistor4-1
Added Net: Name=NetJ11_Photoresistor4_1
Added Pin To Net: NetName=NetJ11_Photoresistor5_1 Pin=J11_Photoresistor5-1
Added Pin To Net: NetName=NetJ11_Photoresistor5_1 Pin=R17_Photoresistor5-1
Added Net: Name=NetJ11_Photoresistor5_1
Added Pin To Net: NetName=NetJ11_Photoresistor6_1 Pin=J11_Photoresistor6-1
Added Pin To Net: NetName=NetJ11_Photoresistor6_1 Pin=R17_Photoresistor6-1
Added Net: Name=NetJ11_Photoresistor6_1
Added Pin To Net: NetName=NetJ11_Photoresistor7_1 Pin=J11_Photoresistor7-1
Added Pin To Net: NetName=NetJ11_Photoresistor7_1 Pin=R17_Photoresistor7-1
Added Net: Name=NetJ11_Photoresistor7_1
Added Pin To Net: NetName=NetJ11_Photoresistor8_1 Pin=J11_Photoresistor8-1
Added Pin To Net: NetName=NetJ11_Photoresistor8_1 Pin=R17_Photoresistor8-1
Added Net: Name=NetJ11_Photoresistor8_1
